128
begin execution
begin execution
begin execution
begin execution
begin execution
begin execution
begin execution
begin execution
begin execution
begin execution
begin execution
begin execution
begin execution
begin execution
begin execution
begin execution
begin execution
begin execution
begin execution
begin execution
begin execution
begin execution
begin execution
begin execution
begin execution
begin execution
begin execution
begin execution
begin execution
begin execution
begin execution
begin execution
begin execution
begin execution
begin execution
begin execution
begin execution
begin execution
begin execution
begin execution
begin execution
begin execution
begin execution
begin execution
begin execution
begin execution
begin execution
begin execution
begin execution
begin execution
begin execution
begin execution
begin execution
begin execution
begin execution
begin execution
begin execution
begin execution
begin execution
begin execution
begin execution
begin execution
begin execution
begin execution
begin execution
begin execution
begin execution
begin execution
begin execution
begin execution
begin execution
begin execution
begin execution
begin execution
begin execution
begin execution
begin execution
begin execution
begin execution
begin execution
begin execution
begin execution
begin execution
begin execution
begin execution
begin execution
begin execution
begin execution
begin execution
begin execution
begin execution
begin execution
begin execution
begin execution
begin execution
begin execution
begin execution
begin execution
begin execution
begin execution
begin execution
begin execution
begin execution
begin execution
begin execution
begin execution
begin execution
begin execution
begin execution
begin execution
begin execution
begin execution
begin execution
begin execution
begin execution
begin execution
begin execution
begin execution
begin execution
begin execution
begin execution
begin execution
begin execution
begin execution
begin execution
begin execution
begin execution
begin execution
begin execution
begin execution
begin execution
begin execution
begin execution
begin execution
begin execution
begin execution
begin execution
begin execution
begin execution
begin execution
begin execution
begin execution
begin execution
begin execution
begin execution
begin execution
begin execution
begin execution
begin execution
begin execution
begin execution
begin execution
begin execution
begin execution
begin execution
begin execution
begin execution
begin execution
begin execution
begin execution
begin execution
begin execution
begin execution
begin execution
begin execution
begin execution
begin execution
begin execution
begin execution
begin execution
begin execution
begin execution
begin execution
begin execution
begin execution
begin execution
begin execution
begin execution
begin execution
begin execution
begin execution
begin execution
begin execution
begin execution
begin execution
begin execution
begin execution
begin execution
begin execution
begin execution
begin execution
begin execution
begin execution
begin execution
begin execution
begin execution
begin execution
begin execution
begin execution
begin execution
begin execution
begin execution
begin execution
begin execution
begin execution
begin execution
begin execution
begin execution
begin execution
begin execution
begin execution
begin execution
begin execution
begin execution
begin execution
begin execution
begin execution
begin execution
begin execution
begin execution
begin execution
begin execution
begin execution
begin execution
begin execution
begin execution
begin execution
begin execution
begin execution
begin execution
begin execution
begin execution
begin execution
begin execution
begin execution
begin execution
begin execution
begin execution
begin execution
begin execution
begin execution
begin execution
begin execution
begin execution
begin execution
begin execution
begin execution
begin execution
begin execution
begin execution
begin execution
begin execution
begin execution
begin execution
begin execution
begin execution
begin execution
begin execution
begin execution
begin execution
begin execution
begin execution
begin execution
begin execution
begin execution
begin execution
begin execution
begin execution
begin execution
begin execution
begin execution
begin execution
begin execution
begin execution
begin execution
begin execution
begin execution
begin execution
begin execution
begin execution
begin execution
begin execution
begin execution
begin execution
begin execution
begin execution
begin execution
begin execution
begin execution
begin execution
begin execution
begin execution
begin execution
begin execution
begin execution
begin execution
begin execution
begin execution
begin execution
begin execution
begin execution
begin execution
begin execution
begin execution
begin execution
begin execution
begin execution
begin execution
begin execution
begin execution
begin execution
begin execution
begin execution
begin execution
begin execution
begin execution
begin execution
begin execution
begin execution
begin execution
begin execution
begin execution
begin execution
begin execution
begin execution
begin execution
begin execution
begin execution
begin execution
begin execution
begin execution
begin execution
begin execution
begin execution
begin execution
begin execution
begin execution
begin execution
begin execution
begin execution
begin execution
begin execution
begin execution
begin execution
begin execution
begin execution
begin execution
begin execution
begin execution
begin execution
begin execution
begin execution
begin execution
begin execution
begin execution
begin execution
begin execution
begin execution
begin execution
begin execution
begin execution
begin execution
begin execution
begin execution
begin execution
begin execution
begin execution
begin execution
begin execution
begin execution
begin execution
begin execution
begin execution
begin execution
begin execution
begin execution
begin execution
begin execution
begin execution
begin execution
begin execution
begin execution
begin execution
begin execution
begin execution
begin execution
begin execution
begin execution
begin execution
begin execution
begin execution
begin execution
begin execution
begin execution
begin execution
begin execution
begin execution
begin execution
begin execution
begin execution
begin execution
begin execution
begin execution
begin execution
begin execution
begin execution
begin execution
begin execution
begin execution
begin execution
begin execution
begin execution
begin execution
begin execution
begin execution
begin execution
begin execution
begin execution
begin execution
begin execution
begin execution
begin execution
begin execution
begin execution
begin execution
begin execution
begin execution
begin execution
begin execution
begin execution
begin execution
begin execution
begin execution
begin execution
begin execution
begin execution
begin execution
begin execution
begin execution
begin execution
begin execution
begin execution
begin execution
begin execution
begin execution
begin execution
begin execution
begin execution
begin execution
begin execution
begin execution
begin execution
begin execution
begin execution
begin execution
begin execution
begin execution
begin execution
begin execution
begin execution
begin execution
begin execution
begin execution
begin execution
begin execution
begin execution
begin execution
begin execution
begin execution
begin execution
begin execution
begin execution
begin execution
begin execution
begin execution
begin execution
begin execution
begin execution
begin execution
begin execution
begin execution
begin execution
begin execution
begin execution
begin execution
begin execution
begin execution
begin execution
begin execution
begin execution
begin execution
begin execution
begin execution
begin execution
begin execution
begin execution
begin execution
begin execution
begin execution
begin execution
begin execution
begin execution
begin execution
begin execution
begin execution
begin execution
begin execution
begin execution
begin execution
begin execution
begin execution
begin execution
Compute time:
	ranks: 512
	threads: 16
	ranks_per_file: 512
	time: 1528.6015680637
failure offset: rank: -1342177280 row: 0Error [68217612] in MPI_File_open: Invalid argument, error stack:
failure offset: rank: -1879048192 row: 0Error [68217612] in MPI_File_open: Invalid argument, error stack:
failure offset: rank: -1744830464 row: 0Error [68217612] in MPI_File_open: Invalid argument, error stack:
failure offset: rank: -939524096 row: 0Error [68217612] in MPI_File_open: Invalid argument, error stack:
failure offset: rank: -1342177280 row: 0Error [68217612] in MPI_File_open: Invalid argument, error stack:
failure offset: rank: -1476395008 row: 0Error [68217612] in MPI_File_open: Invalid argument, error stack:
failure offset: rank: -1476395008 row: 0Error [68217612] in MPI_File_open: Invalid argument, error stack:
failure offset: rank: -1207959552 row: 0Error [68217612] in MPI_File_open: Invalid argument, error stack:
failure offset: rank: -1207959552 row: 0Error [68217612] in MPI_File_open: Invalid argument, error stack:
failure offset: rank: -1744830464 row: 0Error [68217612] in MPI_File_open: Invalid argument, error stack:
failure offset: rank: -2147483648 row: 0Error [68217612] in MPI_File_open: Invalid argument, error stack:
failure offset: rank: -1342177280 row: 0Error [68217612] in MPI_File_open: Invalid argument, error stack:
failure offset: rank: -1207959552 row: 0Error [68217612] in MPI_File_open: Invalid argument, error stack:
failure offset: rank: -1744830464 row: 0Error [68217612] in MPI_File_open: Invalid argument, error stack:
failure offset: rank: -1744830464 row: 0Error [68217612] in MPI_File_open: Invalid argument, error stack:
failure offset: rank: -1879048192 row: 0Error [68217612] in MPI_File_open: Invalid argument, error stack:
failure offset: rank: -1476395008 row: 0Error [68217612] in MPI_File_open: Invalid argument, error stack:
failure offset: rank: -2013265920 row: 0Error [68217612] in MPI_File_open: Invalid argument, error stack:
MPI_FILE_WRITE_AT_ALL(91): Invalid offset argument
failure offset: rank: -1342177280 row: 0Error [68217612] in MPI_File_open: Invalid argument, error stack:
MPI_FILE_WRITE_AT_ALL(91): Invalid offset argument
failure offset: rank: -1744830464 row: 0Error [68217612] in MPI_File_open: Invalid argument, error stack:
failure offset: rank: -1207959552 row: 0Error [68217612] in MPI_File_open: Invalid argument, error stack:
failure offset: rank: -134217728 row: 0Error [68217612] in MPI_File_open: Invalid argument, error stack:
failure offset: rank: -1610612736 row: 0Error [68217612] in MPI_File_open: Invalid argument, error stack:
MPI_FILE_WRITE_AT_ALL(91): Invalid offset argument
failure offset: rank: -2013265920 row: 0Error [68217612] in MPI_File_open: Invalid argument, error stack:
failure offset: rank: -1342177280 row: 0Error [68217612] in MPI_File_open: Invalid argument, error stack:
MPI_FILE_WRITE_AT_ALL(91): Invalid offset argument
failure offset: rank: -1342177280 row: 0Error [68217612] in MPI_File_open: Invalid argument, error stack:
failure offset: rank: -1744830464 row: 0Error [68217612] in MPI_File_open: Invalid argument, error stack:
failure offset: rank: -268435456 row: 0Error [68217612] in MPI_File_open: Invalid argument, error stack:
MPI_FILE_WRITE_AT_ALL(91): Invalid offset argument
failure offset: rank: -2147483648 row: 0Error [68217612] in MPI_File_open: Invalid argument, error stack:
failure offset: rank: -1879048192 row: 0Error [68217612] in MPI_File_open: Invalid argument, error stack:
failure offset: rank: -268435456 row: 0Error [68217612] in MPI_File_open: Invalid argument, error stack:
failure offset: rank: -1476395008 row: 0Error [68217612] in MPI_File_open: Invalid argument, error stack:
failure offset: rank: -1207959552 row: 0Error [68217612] in MPI_File_open: Invalid argument, error stack:
failure offset: rank: -1207959552 row: 0Error [68217612] in MPI_File_open: Invalid argument, error stack:
failure offset: rank: -1342177280 row: 0Error [68217612] in MPI_File_open: Invalid argument, error stack:
MPI_FILE_WRITE_AT_ALL(91): Invalid offset argument
MPI_FILE_WRITE_AT_ALL(91): Invalid offset argument
Abort(1) on node 83 (rank 83 in comm 1140850688): application called MPI_Abort(MPI_COMM_WORLD, 1) - process 83
failure offset: rank: -268435456 row: 0Error [68217612] in MPI_File_open: Invalid argument, error stack:
Abort(1) on node 470 (rank 470 in comm 1140850688): application called MPI_Abort(MPI_COMM_WORLD, 1) - process 470
failure offset: rank: -939524096 row: 0Error [68217612] in MPI_File_open: Invalid argument, error stack:
failure offset: rank: -268435456 row: 0Error [68217612] in MPI_File_open: Invalid argument, error stack:
failure offset: rank: -805306368 row: 0Error [68217612] in MPI_File_open: Invalid argument, error stack:
Abort(1) on node 437 (rank 437 in comm 1140850688): application called MPI_Abort(MPI_COMM_WORLD, 1) - process 437
MPI_FILE_WRITE_AT_ALL(91): Invalid offset argument
MPI_FILE_WRITE_AT_ALL(91): Invalid offset argument
failure offset: rank: -805306368 row: 0Error [68217612] in MPI_File_open: Invalid argument, error stack:
MPI_FILE_WRITE_AT_ALL(91): Invalid offset argument
failure offset: rank: -268435456 row: 0Error [68217612] in MPI_File_open: Invalid argument, error stack:
failure offset: rank: -805306368 row: 0Error [68217612] in MPI_File_open: Invalid argument, error stack:
failure offset: rank: -939524096 row: 0Error [68217612] in MPI_File_open: Invalid argument, error stack:
MPI_FILE_WRITE_AT_ALL(91): Invalid offset argument
Abort(1) on node 49 (rank 49 in comm 1140850688): application called MPI_Abort(MPI_COMM_WORLD, 1) - process 49
MPI_FILE_WRITE_AT_ALL(91): Invalid offset argument
failure offset: rank: -1879048192 row: 0Error [68217612] in MPI_File_open: Invalid argument, error stack:
failure offset: rank: -1610612736 row: 0Error [68217612] in MPI_File_open: Invalid argument, error stack:
failure offset: rank: -805306368 row: 0Error [68217612] in MPI_File_open: Invalid argument, error stack:
failure offset: rank: -805306368 row: 0Error [68217612] in MPI_File_open: Invalid argument, error stack:
failure offset: rank: -1744830464 row: 0Error [68217612] in MPI_File_open: Invalid argument, error stack:
MPI_FILE_WRITE_AT_ALL(91): Invalid offset argument
Abort(1) on node 48 (rank 48 in comm 1140850688): application called MPI_Abort(MPI_COMM_WORLD, 1) - process 48
Abort(1) on node 80 (rank 80 in comm 1140850688): application called MPI_Abort(MPI_COMM_WORLD, 1) - process 80
failure offset: rank: -1879048192 row: 0Error [68217612] in MPI_File_open: Invalid argument, error stack:
Abort(1) on node 469 (rank 469 in comm 1140850688): application called MPI_Abort(MPI_COMM_WORLD, 1) - process 469
failure offset: rank: -805306368 row: 0Error [68217612] in MPI_File_open: Invalid argument, error stack:
failure offset: rank: -268435456 row: 0Error [68217612] in MPI_File_open: Invalid argument, error stack:
failure offset: rank: -134217728 row: 0Error [68217612] in MPI_File_open: Invalid argument, error stack:
Abort(1) on node 436 (rank 436 in comm 1140850688): application called MPI_Abort(MPI_COMM_WORLD, 1) - process 436
MPI_FILE_WRITE_AT_ALL(91): Invalid offset argument
Abort(1) on node 81 (rank 81 in comm 1140850688): application called MPI_Abort(MPI_COMM_WORLD, 1) - process 81
failure offset: rank: -268435456 row: 0Error [68217612] in MPI_File_open: Invalid argument, error stack:
MPI_FILE_WRITE_AT_ALL(91): Invalid offset argument
failure offset: rank: -268435456 row: 0Error [68217612] in MPI_File_open: Invalid argument, error stack:
failure offset: rank: -805306368 row: 0Error [68217612] in MPI_File_open: Invalid argument, error stack:
failure offset: rank: -671088640 row: 0Error [68217612] in MPI_File_open: Invalid argument, error stack:
Abort(1) on node 439 (rank 439 in comm 1140850688): application called MPI_Abort(MPI_COMM_WORLD, 1) - process 439
Abort(1) on node 50 (rank 50 in comm 1140850688): application called MPI_Abort(MPI_COMM_WORLD, 1) - process 50
MPI_FILE_WRITE_AT_ALL(91): Invalid offset argument
failure offset: rank: -939524096 row: 0Error [68217612] in MPI_File_open: Invalid argument, error stack:
Abort(1) on node 471 (rank 471 in comm 1140850688): application called MPI_Abort(MPI_COMM_WORLD, 1) - process 471
failure offset: rank: -134217728 row: 0Error [68217612] in MPI_File_open: Invalid argument, error stack:
failure offset: rank: -1476395008 row: 0Error [68217612] in MPI_File_open: Invalid argument, error stack:
failure offset: rank: -1744830464 row: 0Error [68217612] in MPI_File_open: Invalid argument, error stack:
Abort(1) on node 438 (rank 438 in comm 1140850688): application called MPI_Abort(MPI_COMM_WORLD, 1) - process 438
Abort(1) on node 51 (rank 51 in comm 1140850688): application called MPI_Abort(MPI_COMM_WORLD, 1) - process 51
Abort(1) on node 82 (rank 82 in comm 1140850688): application called MPI_Abort(MPI_COMM_WORLD, 1) - process 82
failure offset: rank: -671088640 row: 0Error [68217612] in MPI_File_open: Invalid argument, error stack:
Abort(1) on node 468 (rank 468 in comm 1140850688): application called MPI_Abort(MPI_COMM_WORLD, 1) - process 468
failure offset: rank: -1879048192 row: 0Error [68217612] in MPI_File_open: Invalid argument, error stack:
failure offset: rank: -402653184 row: 0Error [68217612] in MPI_File_open: Invalid argument, error stack:
failure offset: rank: -1342177280 row: 0Error [68217612] in MPI_File_open: Invalid argument, error stack:
failure offset: rank: -1342177280 row: 0Error [68217612] in MPI_File_open: Invalid argument, error stack:
failure offset: rank: -1879048192 row: 0Error [68217612] in MPI_File_open: Invalid argument, error stack:
failure offset: rank: -402653184 row: 0Error [68217612] in MPI_File_open: Invalid argument, error stack:
failure offset: rank: -268435456 row: 0Error [68217612] in MPI_File_open: Invalid argument, error stack:
failure offset: rank: -268435456 row: 0Error [68217612] in MPI_File_open: Invalid argument, error stack:
failure offset: rank: -402653184 row: 0Error [68217612] in MPI_File_open: Invalid argument, error stack:
failure offset: rank: -2013265920 row: 0Error [68217612] in MPI_File_open: Invalid argument, error stack:
failure offset: rank: -805306368 row: 0Error [68217612] in MPI_File_open: Invalid argument, error stack:
failure offset: rank: -1879048192 row: 0Error [68217612] in MPI_File_open: Invalid argument, error stack:
failure offset: rank: -805306368 row: 0Error [68217612] in MPI_File_open: Invalid argument, error stack:
failure offset: rank: -805306368 row: 0Error [68217612] in MPI_File_open: Invalid argument, error stack:
failure offset: rank: -1879048192 row: 0Error [68217612] in MPI_File_open: Invalid argument, error stack:
failure offset: rank: -1073741824 row: 0Error [68217612] in MPI_File_open: Invalid argument, error stack:
failure offset: rank: -1207959552 row: 0Error [68217612] in MPI_File_open: Invalid argument, error stack:
failure offset: rank: -1610612736 row: 0Error [68217612] in MPI_File_open: Invalid argument, error stack:
failure offset: rank: -1342177280 row: 0Error [68217612] in MPI_File_open: Invalid argument, error stack:
failure offset: rank: -1610612736 row: 0Error [68217612] in MPI_File_open: Invalid argument, error stack:
failure offset: rank: -2147483648 row: 0Error [68217612] in MPI_File_open: Invalid argument, error stack:
failure offset: rank: -2013265920 row: 0Error [68217612] in MPI_File_open: Invalid argument, error stack:
failure offset: rank: -2147483648 row: 0Error [68217612] in MPI_File_open: Invalid argument, error stack:
failure offset: rank: -1610612736 row: 0Error [68217612] in MPI_File_open: Invalid argument, error stack:
failure offset: rank: -2147483648 row: 0Error [68217612] in MPI_File_open: Invalid argument, error stack:
failure offset: rank: -1476395008 row: 0Error [68217612] in MPI_File_open: Invalid argument, error stack:
failure offset: rank: -536870912 row: 0Error [68217612] in MPI_File_open: Invalid argument, error stack:
failure offset: rank: -1610612736 row: 0Error [68217612] in MPI_File_open: Invalid argument, error stack:
failure offset: rank: -1207959552 row: 0Error [68217612] in MPI_File_open: Invalid argument, error stack:
failure offset: rank: -2147483648 row: 0Error [68217612] in MPI_File_open: Invalid argument, error stack:
failure offset: rank: -536870912 row: 0Error [68217612] in MPI_File_open: Invalid argument, error stack:
failure offset: rank: -536870912 row: 0Error [68217612] in MPI_File_open: Invalid argument, error stack:
failure offset: rank: -1342177280 row: 0Error [68217612] in MPI_File_open: Invalid argument, error stack:
failure offset: rank: -1610612736 row: 0Error [68217612] in MPI_File_open: Invalid argument, error stack:
failure offset: rank: -1476395008 row: 0Error [68217612] in MPI_File_open: Invalid argument, error stack:
failure offset: rank: -536870912 row: 0Error [68217612] in MPI_File_open: Invalid argument, error stack:
failure offset: rank: -671088640 row: 0Error [68217612] in MPI_File_open: Invalid argument, error stack:
failure offset: rank: -134217728 row: 0Error [68217612] in MPI_File_open: Invalid argument, error stack:
failure offset: rank: -1073741824 row: 0Error [68217612] in MPI_File_open: Invalid argument, error stack:
failure offset: rank: -939524096 row: 0Error [68217612] in MPI_File_open: Invalid argument, error stack:
failure offset: rank: -536870912 row: 0Error [68217612] in MPI_File_open: Invalid argument, error stack:
failure offset: rank: -1073741824 row: 0Error [68217612] in MPI_File_open: Invalid argument, error stack:
failure offset: rank: -1073741824 row: 0Error [68217612] in MPI_File_open: Invalid argument, error stack:
failure offset: rank: -1744830464 row: 0Error [68217612] in MPI_File_open: Invalid argument, error stack:
failure offset: rank: -1073741824 row: 0Error [68217612] in MPI_File_open: Invalid argument, error stack:
failure offset: rank: -1073741824 row: 0Error [68217612] in MPI_File_open: Invalid argument, error stack:
failure offset: rank: -2013265920 row: 0Error [68217612] in MPI_File_open: Invalid argument, error stack:
failure offset: rank: -2013265920 row: 0Error [68217612] in MPI_File_open: Invalid argument, error stack:
failure offset: rank: -939524096 row: 0Error [68217612] in MPI_File_open: Invalid argument, error stack:
failure offset: rank: -402653184 row: 0Error [68217612] in MPI_File_open: Invalid argument, error stack:
failure offset: rank: -402653184 row: 0Error [68217612] in MPI_File_open: Invalid argument, error stack:
failure offset: rank: -402653184 row: 0Error [68217612] in MPI_File_open: Invalid argument, error stack:
failure offset: rank: -402653184 row: 0Error [68217612] in MPI_File_open: Invalid argument, error stack:
failure offset: rank: -671088640 row: 0Error [68217612] in MPI_File_open: Invalid argument, error stack:
failure offset: rank: -939524096 row: 0Error [68217612] in MPI_File_open: Invalid argument, error stack:
failure offset: rank: -1073741824 row: 0Error [68217612] in MPI_File_open: Invalid argument, error stack:
failure offset: rank: -402653184 row: 0Error [68217612] in MPI_File_open: Invalid argument, error stack:
failure offset: rank: -1610612736 row: 0Error [68217612] in MPI_File_open: Invalid argument, error stack:
failure offset: rank: -2147483648 row: 0Error [68217612] in MPI_File_open: Invalid argument, error stack:
failure offset: rank: -1073741824 row: 0Error [68217612] in MPI_File_open: Invalid argument, error stack:
failure offset: rank: -2013265920 row: 0Error [68217612] in MPI_File_open: Invalid argument, error stack:
failure offset: rank: -536870912 row: 0Error [68217612] in MPI_File_open: Invalid argument, error stack:
failure offset: rank: -1476395008 row: 0Error [68217612] in MPI_File_open: Invalid argument, error stack:
failure offset: rank: -1476395008 row: 0Error [68217612] in MPI_File_open: Invalid argument, error stack:
failure offset: rank: -2147483648 row: 0Error [68217612] in MPI_File_open: Invalid argument, error stack:
failure offset: rank: -134217728 row: 0Error [68217612] in MPI_File_open: Invalid argument, error stack:
failure offset: rank: -134217728 row: 0Error [68217612] in MPI_File_open: Invalid argument, error stack:
failure offset: rank: -134217728 row: 0Error [68217612] in MPI_File_open: Invalid argument, error stack:
failure offset: rank: -268435456 row: 0Error [68217612] in MPI_File_open: Invalid argument, error stack:
failure offset: rank: -2147483648 row: 0Error [68217612] in MPI_File_open: Invalid argument, error stack:
failure offset: rank: -1073741824 row: 0Error [68217612] in MPI_File_open: Invalid argument, error stack:
failure offset: rank: -1744830464 row: 0Error [68217612] in MPI_File_open: Invalid argument, error stack:
failure offset: rank: -1073741824 row: 0Error [68217612] in MPI_File_open: Invalid argument, error stack:
failure offset: rank: -1073741824 row: 0Error [68217612] in MPI_File_open: Invalid argument, error stack:
failure offset: rank: -2013265920 row: 0Error [68217612] in MPI_File_open: Invalid argument, error stack:
failure offset: rank: -805306368 row: 0Error [68217612] in MPI_File_open: Invalid argument, error stack:
failure offset: rank: -1342177280 row: 0Error [68217612] in MPI_File_open: Invalid argument, error stack:
failure offset: rank: -1342177280 row: 0Error [68217612] in MPI_File_open: Invalid argument, error stack:
failure offset: rank: -1610612736 row: 0Error [68217612] in MPI_File_open: Invalid argument, error stack:
MPI_FILE_WRITE_AT_ALL(91): Invalid offset argument
failure offset: rank: -2013265920 row: 0Error [68217612] in MPI_File_open: Invalid argument, error stack:
failure offset: rank: -2147483648 row: 0Error [68217612] in MPI_File_open: Invalid argument, error stack:
failure offset: rank: -2013265920 row: 0Error [68217612] in MPI_File_open: Invalid argument, error stack:
failure offset: rank: -1476395008 row: 0Error [68217612] in MPI_File_open: Invalid argument, error stack:
failure offset: rank: -2013265920 row: 0Error [68217612] in MPI_File_open: Invalid argument, error stack:
failure offset: rank: -1342177280 row: 0Error [68217612] in MPI_File_open: Invalid argument, error stack:
failure offset: rank: -402653184 row: 0Error [68217612] in MPI_File_open: Invalid argument, error stack:
failure offset: rank: -1476395008 row: 0Error [68217612] in MPI_File_open: Invalid argument, error stack:
MPI_FILE_WRITE_AT_ALL(91): Invalid offset argument
failure offset: rank: -1879048192 row: 0Error [68217612] in MPI_File_open: Invalid argument, error stack:
failure offset: rank: -134217728 row: 0Error [68217612] in MPI_File_open: Invalid argument, error stack:
failure offset: rank: -402653184 row: 0Error [68217612] in MPI_File_open: Invalid argument, error stack:
MPI_FILE_WRITE_AT_ALL(91): Invalid offset argument
MPI_FILE_WRITE_AT_ALL(91): Invalid offset argument
failure offset: rank: -1207959552 row: 0Error [68217612] in MPI_File_open: Invalid argument, error stack:
MPI_FILE_WRITE_AT_ALL(91): Invalid offset argument
MPI_FILE_WRITE_AT_ALL(91): Invalid offset argument
failure offset: rank: -536870912 row: 0Error [68217612] in MPI_File_open: Invalid argument, error stack:
failure offset: rank: -939524096 row: 0Error [68217612] in MPI_File_open: Invalid argument, error stack:
failure offset: rank: -1073741824 row: 0Error [68217612] in MPI_File_open: Invalid argument, error stack:
failure offset: rank: -402653184 row: 0Error [68217612] in MPI_File_open: Invalid argument, error stack:
MPI_FILE_WRITE_AT_ALL(91): Invalid offset argument
failure offset: rank: -805306368 row: 0Error [68217612] in MPI_File_open: Invalid argument, error stack:
MPI_FILE_WRITE_AT_ALL(91): Invalid offset argument
failure offset: rank: -939524096 row: 0Error [68217612] in MPI_File_open: Invalid argument, error stack:
MPI_FILE_WRITE_AT_ALL(91): Invalid offset argument
failure offset: rank: -2147483648 row: 0Error [68217612] in MPI_File_open: Invalid argument, error stack:
failure offset: rank: -2147483648 row: 0Error [68217612] in MPI_File_open: Invalid argument, error stack:
failure offset: rank: -1073741824 row: 0Error [68217612] in MPI_File_open: Invalid argument, error stack:
MPI_FILE_WRITE_AT_ALL(91): Invalid offset argument
failure offset: rank: -268435456 row: 0Error [68217612] in MPI_File_open: Invalid argument, error stack:
failure offset: rank: -536870912 row: 0Error [68217612] in MPI_File_open: Invalid argument, error stack:
failure offset: rank: -134217728 row: 0Error [68217612] in MPI_File_open: Invalid argument, error stack:
failure offset: rank: -1073741824 row: 0Error [68217612] in MPI_File_open: Invalid argument, error stack:
failure offset: rank: -805306368 row: 0Error [68217612] in MPI_File_open: Invalid argument, error stack:
failure offset: rank: -805306368 row: 0Error [68217612] in MPI_File_open: Invalid argument, error stack:
MPI_FILE_WRITE_AT_ALL(91): Invalid offset argument
MPI_FILE_WRITE_AT_ALL(91): Invalid offset argument
failure offset: rank: -1879048192 row: 0Error [68217612] in MPI_File_open: Invalid argument, error stack:
failure offset: rank: -805306368 row: 0Error [68217612] in MPI_File_open: Invalid argument, error stack:
failure offset: rank: -2147483648 row: 0Error [68217612] in MPI_File_open: Invalid argument, error stack:
MPI_FILE_WRITE_AT_ALL(91): Invalid offset argument
failure offset: rank: -1207959552 row: 0Error [68217612] in MPI_File_open: Invalid argument, error stack:
failure offset: rank: -1207959552 row: 0Error [68217612] in MPI_File_open: Invalid argument, error stack:
failure offset: rank: -2013265920 row: 0Error [68217612] in MPI_File_open: Invalid argument, error stack:
MPI_FILE_WRITE_AT_ALL(91): Invalid offset argument
failure offset: rank: -402653184 row: 0Error [68217612] in MPI_File_open: Invalid argument, error stack:
failure offset: rank: -536870912 row: 0Error [68217612] in MPI_File_open: Invalid argument, error stack:
failure offset: rank: -134217728 row: 0Error [68217612] in MPI_File_open: Invalid argument, error stack:
failure offset: rank: -1879048192 row: 0Error [68217612] in MPI_File_open: Invalid argument, error stack:
failure offset: rank: -939524096 row: 0Error [68217612] in MPI_File_open: Invalid argument, error stack:
failure offset: rank: -2013265920 row: 0Error [68217612] in MPI_File_open: Invalid argument, error stack:
failure offset: rank: -939524096 row: 0Error [68217612] in MPI_File_open: Invalid argument, error stack:
failure offset: rank: -671088640 row: 0Error [68217612] in MPI_File_open: Invalid argument, error stack:
MPI_FILE_WRITE_AT_ALL(91): Invalid offset argument
MPI_FILE_WRITE_AT_ALL(91): Invalid offset argument
MPI_FILE_WRITE_AT_ALL(91): Invalid offset argument
failure offset: rank: -1207959552 row: 0Error [68217612] in MPI_File_open: Invalid argument, error stack:
MPI_FILE_WRITE_AT_ALL(91): Invalid offset argument
failure offset: rank: -1207959552 row: 0Error [68217612] in MPI_File_open: Invalid argument, error stack:
MPI_FILE_WRITE_AT_ALL(91): Invalid offset argument
MPI_FILE_WRITE_AT_ALL(91): Invalid offset argument
MPI_FILE_WRITE_AT_ALL(91): Invalid offset argument
MPI_FILE_WRITE_AT_ALL(91): Invalid offset argument
MPI_FILE_WRITE_AT_ALL(91): Invalid offset argument
MPI_FILE_WRITE_AT_ALL(91): Invalid offset argument
MPI_FILE_WRITE_AT_ALL(91): Invalid offset argument
failure offset: rank: -1207959552 row: 0Error [68217612] in MPI_File_open: Invalid argument, error stack:
failure offset: rank: -1610612736 row: 0Error [68217612] in MPI_File_open: Invalid argument, error stack:
failure offset: rank: -2013265920 row: 0Error [68217612] in MPI_File_open: Invalid argument, error stack:
MPI_FILE_WRITE_AT_ALL(91): Invalid offset argument
MPI_FILE_WRITE_AT_ALL(91): Invalid offset argument
failure offset: rank: -1610612736 row: 0Error [68217612] in MPI_File_open: Invalid argument, error stack:
failure offset: rank: -1476395008 row: 0Error [68217612] in MPI_File_open: Invalid argument, error stack:
failure offset: rank: -1610612736 row: 0Error [68217612] in MPI_File_open: Invalid argument, error stack:
MPI_FILE_WRITE_AT_ALL(91): Invalid offset argument
MPI_FILE_WRITE_AT_ALL(91): Invalid offset argument
MPI_FILE_WRITE_AT_ALL(91): Invalid offset argument
MPI_FILE_WRITE_AT_ALL(91): Invalid offset argument
failure offset: rank: -671088640 row: 0Error [68217612] in MPI_File_open: Invalid argument, error stack:
MPI_FILE_WRITE_AT_ALL(91): Invalid offset argument
failure offset: rank: -671088640 row: 0Error [68217612] in MPI_File_open: Invalid argument, error stack:
MPI_FILE_WRITE_AT_ALL(91): Invalid offset argument
failure offset: rank: -2147483648 row: 0Error [68217612] in MPI_File_open: Invalid argument, error stack:
MPI_FILE_WRITE_AT_ALL(91): Invalid offset argument
failure offset: rank: -939524096 row: 0Error [68217612] in MPI_File_open: Invalid argument, error stack:
MPI_FILE_WRITE_AT_ALL(91): Invalid offset argument
MPI_FILE_WRITE_AT_ALL(91): Invalid offset argument
failure offset: rank: -671088640 row: 0Error [68217612] in MPI_File_open: Invalid argument, error stack:
failure offset: rank: -134217728 row: 0Error [68217612] in MPI_File_open: Invalid argument, error stack:
failure offset: rank: -536870912 row: 0Error [68217612] in MPI_File_open: Invalid argument, error stack:
MPI_FILE_WRITE_AT_ALL(91): Invalid offset argument
MPI_FILE_WRITE_AT_ALL(91): Invalid offset argument
MPI_FILE_WRITE_AT_ALL(91): Invalid offset argument
failure offset: rank: -1073741824 row: 0Error [68217612] in MPI_File_open: Invalid argument, error stack:
failure offset: rank: -671088640 row: 0Error [68217612] in MPI_File_open: Invalid argument, error stack:
MPI_FILE_WRITE_AT_ALL(91): Invalid offset argument
MPI_FILE_WRITE_AT_ALL(91): Invalid offset argument
MPI_FILE_WRITE_AT_ALL(91): Invalid offset argument
failure offset: rank: -939524096 row: 0Error [68217612] in MPI_File_open: Invalid argument, error stack:
MPI_FILE_WRITE_AT_ALL(91): Invalid offset argument
failure offset: rank: -134217728 row: 0Error [68217612] in MPI_File_open: Invalid argument, error stack:
failure offset: rank: -1610612736 row: 0Error [68217612] in MPI_File_open: Invalid argument, error stack:
MPI_FILE_WRITE_AT_ALL(91): Invalid offset argument
failure offset: rank: -1744830464 row: 0Error [68217612] in MPI_File_open: Invalid argument, error stack:
MPI_FILE_WRITE_AT_ALL(91): Invalid offset argument
failure offset: rank: -536870912 row: 0Error [68217612] in MPI_File_open: Invalid argument, error stack:
MPI_FILE_WRITE_AT_ALL(91): Invalid offset argument
MPI_FILE_WRITE_AT_ALL(91): Invalid offset argument
MPI_FILE_WRITE_AT_ALL(91): Invalid offset argument
failure offset: rank: -671088640 row: 0Error [68217612] in MPI_File_open: Invalid argument, error stack:
failure offset: rank: -2147483648 row: 0Error [68217612] in MPI_File_open: Invalid argument, error stack:
MPI_FILE_WRITE_AT_ALL(91): Invalid offset argument
MPI_FILE_WRITE_AT_ALL(91): Invalid offset argument
failure offset: rank: -2147483648 row: 0Error [68217612] in MPI_File_open: Invalid argument, error stack:
failure offset: rank: -671088640 row: 0Error [68217612] in MPI_File_open: Invalid argument, error stack:
failure offset: rank: -1610612736 row: 0Error [68217612] in MPI_File_open: Invalid argument, error stack:
MPI_FILE_WRITE_AT_ALL(91): Invalid offset argument
MPI_FILE_WRITE_AT_ALL(91): Invalid offset argument
failure offset: rank: -1476395008 row: 0Error [68217612] in MPI_File_open: Invalid argument, error stack:
MPI_FILE_WRITE_AT_ALL(91): Invalid offset argument
MPI_FILE_WRITE_AT_ALL(91): Invalid offset argument
failure offset: rank: -1744830464 row: 0Error [68217612] in MPI_File_open: Invalid argument, error stack:
MPI_FILE_WRITE_AT_ALL(91): Invalid offset argument
failure offset: rank: -1879048192 row: 0Error [68217612] in MPI_File_open: Invalid argument, error stack:
failure offset: rank: -1610612736 row: 0Error [68217612] in MPI_File_open: Invalid argument, error stack:
MPI_FILE_WRITE_AT_ALL(91): Invalid offset argument
MPI_FILE_WRITE_AT_ALL(91): Invalid offset argument
failure offset: rank: -1476395008 row: 0Error [68217612] in MPI_File_open: Invalid argument, error stack:
MPI_FILE_WRITE_AT_ALL(91): Invalid offset argument
failure offset: rank: -402653184 row: 0Error [68217612] in MPI_File_open: Invalid argument, error stack:
MPI_FILE_WRITE_AT_ALL(91): Invalid offset argument
MPI_FILE_WRITE_AT_ALL(91): Invalid offset argument
failure offset: rank: -1342177280 row: 0Error [68217612] in MPI_File_open: Invalid argument, error stack:
MPI_FILE_WRITE_AT_ALL(91): Invalid offset argument
failure offset: rank: -402653184 row: 0Error [68217612] in MPI_File_open: Invalid argument, error stack:
failure offset: rank: -805306368 row: 0Error [68217612] in MPI_File_open: Invalid argument, error stack:
failure offset: rank: -402653184 row: 0Error [68217612] in MPI_File_open: Invalid argument, error stack:
MPI_FILE_WRITE_AT_ALL(91): Invalid offset argument
MPI_FILE_WRITE_AT_ALL(91): Invalid offset argument
MPI_FILE_WRITE_AT_ALL(91): Invalid offset argument
MPI_FILE_WRITE_AT_ALL(91): Invalid offset argument
failure offset: rank: -671088640 row: 0Error [68217612] in MPI_File_open: Invalid argument, error stack:
MPI_FILE_WRITE_AT_ALL(91): Invalid offset argument
MPI_FILE_WRITE_AT_ALL(91): Invalid offset argument
failure offset: rank: -671088640 row: 0Error [68217612] in MPI_File_open: Invalid argument, error stack:
failure offset: rank: -1879048192 row: 0Error [68217612] in MPI_File_open: Invalid argument, error stack:
MPI_FILE_WRITE_AT_ALL(91): Invalid offset argument
MPI_FILE_WRITE_AT_ALL(91): Invalid offset argument
failure offset: rank: -536870912 row: 0Error [68217612] in MPI_File_open: Invalid argument, error stack:
MPI_FILE_WRITE_AT_ALL(91): Invalid offset argument
MPI_FILE_WRITE_AT_ALL(91): Invalid offset argument
failure offset: rank: -536870912 row: 0Error [68217612] in MPI_File_open: Invalid argument, error stack:
MPI_FILE_WRITE_AT_ALL(91): Invalid offset argument
MPI_FILE_WRITE_AT_ALL(91): Invalid offset argument
MPI_FILE_WRITE_AT_ALL(91): Invalid offset argument
failure offset: rank: -536870912 row: 0Error [68217612] in MPI_File_open: Invalid argument, error stack:
failure offset: rank: -1342177280 row: 0Error [68217612] in MPI_File_open: Invalid argument, error stack:
failure offset: rank: -2013265920 row: 0Error [68217612] in MPI_File_open: Invalid argument, error stack:
MPI_FILE_WRITE_AT_ALL(91): Invalid offset argument
failure offset: rank: -1744830464 row: 0Error [68217612] in MPI_File_open: Invalid argument, error stack:
failure offset: rank: -268435456 row: 0Error [68217612] in MPI_File_open: Invalid argument, error stack:
MPI_FILE_WRITE_AT_ALL(91): Invalid offset argument
MPI_FILE_WRITE_AT_ALL(91): Invalid offset argument
MPI_FILE_WRITE_AT_ALL(91): Invalid offset argument
failure offset: rank: -268435456 row: 0Error [68217612] in MPI_File_open: Invalid argument, error stack:
MPI_FILE_WRITE_AT_ALL(91): Invalid offset argument
failure offset: rank: -402653184 row: 0Error [68217612] in MPI_File_open: Invalid argument, error stack:
MPI_FILE_WRITE_AT_ALL(91): Invalid offset argument
failure offset: rank: -1744830464 row: 0Error [68217612] in MPI_File_open: Invalid argument, error stack:
MPI_FILE_WRITE_AT_ALL(91): Invalid offset argument
MPI_FILE_WRITE_AT_ALL(91): Invalid offset argument
MPI_FILE_WRITE_AT_ALL(91): Invalid offset argument
MPI_FILE_WRITE_AT_ALL(91): Invalid offset argument
MPI_FILE_WRITE_AT_ALL(91): Invalid offset argument
MPI_FILE_WRITE_AT_ALL(91): Invalid offset argument
MPI_FILE_WRITE_AT_ALL(91): Invalid offset argument
MPI_FILE_WRITE_AT_ALL(91): Invalid offset argument
MPI_FILE_WRITE_AT_ALL(91): Invalid offset argument
MPI_FILE_WRITE_AT_ALL(91): Invalid offset argument
MPI_FILE_WRITE_AT_ALL(91): Invalid offset argument
MPI_FILE_WRITE_AT_ALL(91): Invalid offset argument
MPI_FILE_WRITE_AT_ALL(91): Invalid offset argument
MPI_FILE_WRITE_AT_ALL(91): Invalid offset argument
MPI_FILE_WRITE_AT_ALL(91): Invalid offset argument
MPI_FILE_WRITE_AT_ALL(91): Invalid offset argument
failure offset: rank: -268435456 row: 0Error [68217612] in MPI_File_open: Invalid argument, error stack:
MPI_FILE_WRITE_AT_ALL(91): Invalid offset argument
MPI_FILE_WRITE_AT_ALL(91): Invalid offset argument
MPI_FILE_WRITE_AT_ALL(91): Invalid offset argument
MPI_FILE_WRITE_AT_ALL(91): Invalid offset argument
failure offset: rank: -134217728 row: 0Error [68217612] in MPI_File_open: Invalid argument, error stack:
failure offset: rank: -1476395008 row: 0Error [68217612] in MPI_File_open: Invalid argument, error stack:
MPI_FILE_WRITE_AT_ALL(91): Invalid offset argument
MPI_FILE_WRITE_AT_ALL(91): Invalid offset argument
failure offset: rank: -134217728 row: 0Error [68217612] in MPI_File_open: Invalid argument, error stack:
failure offset: rank: -1073741824 row: 0Error [68217612] in MPI_File_open: Invalid argument, error stack:
MPI_FILE_WRITE_AT_ALL(91): Invalid offset argument
failure offset: rank: -671088640 row: 0Error [68217612] in MPI_File_open: Invalid argument, error stack:
MPI_FILE_WRITE_AT_ALL(91): Invalid offset argument
failure offset: rank: -134217728 row: 0Error [68217612] in MPI_File_open: Invalid argument, error stack:
failure offset: rank: -939524096 row: 0Error [68217612] in MPI_File_open: Invalid argument, error stack:
MPI_FILE_WRITE_AT_ALL(91): Invalid offset argument
failure offset: rank: -2013265920 row: 0Error [68217612] in MPI_File_open: Invalid argument, error stack:
failure offset: rank: -671088640 row: 0Error [68217612] in MPI_File_open: Invalid argument, error stack:
MPI_FILE_WRITE_AT_ALL(91): Invalid offset argument
MPI_FILE_WRITE_AT_ALL(91): Invalid offset argument
failure offset: rank: -1744830464 row: 0Error [68217612] in MPI_File_open: Invalid argument, error stack:
MPI_FILE_WRITE_AT_ALL(91): Invalid offset argument
MPI_FILE_WRITE_AT_ALL(91): Invalid offset argument
MPI_FILE_WRITE_AT_ALL(91): Invalid offset argument
failure offset: rank: -134217728 row: 0Error [68217612] in MPI_File_open: Invalid argument, error stack:
MPI_FILE_WRITE_AT_ALL(91): Invalid offset argument
failure offset: rank: -939524096 row: 0Error [68217612] in MPI_File_open: Invalid argument, error stack:
MPI_FILE_WRITE_AT_ALL(91): Invalid offset argument
MPI_FILE_WRITE_AT_ALL(91): Invalid offset argument
failure offset: rank: -268435456 row: 0Error [68217612] in MPI_File_open: Invalid argument, error stack:
failure offset: rank: -1207959552 row: 0Error [68217612] in MPI_File_open: Invalid argument, error stack:
MPI_FILE_WRITE_AT_ALL(91): Invalid offset argument
MPI_FILE_WRITE_AT_ALL(91): Invalid offset argument
MPI_FILE_WRITE_AT_ALL(91): Invalid offset argument
MPI_FILE_WRITE_AT_ALL(91): Invalid offset argument
MPI_FILE_WRITE_AT_ALL(91): Invalid offset argument
failure offset: rank: -1610612736 row: 0Error [68217612] in MPI_File_open: Invalid argument, error stack:
failure offset: rank: -536870912 row: 0Error [68217612] in MPI_File_open: Invalid argument, error stack:
failure offset: rank: -536870912 row: 0Error [68217612] in MPI_File_open: Invalid argument, error stack:
MPI_FILE_WRITE_AT_ALL(91): Invalid offset argument
MPI_FILE_WRITE_AT_ALL(91): Invalid offset argument
failure offset: rank: -671088640 row: 0Error [68217612] in MPI_File_open: Invalid argument, error stack:
MPI_FILE_WRITE_AT_ALL(91): Invalid offset argument
failure offset: rank: -1744830464 row: 0Error [68217612] in MPI_File_open: Invalid argument, error stack:
failure offset: rank: -1207959552 row: 0Error [68217612] in MPI_File_open: Invalid argument, error stack:
failure offset: rank: -1879048192 row: 0Error [68217612] in MPI_File_open: Invalid argument, error stack:
failure offset: rank: -939524096 row: 0Error [68217612] in MPI_File_open: Invalid argument, error stack:
failure offset: rank: -1476395008 row: 0Error [68217612] in MPI_File_open: Invalid argument, error stack:
MPI_FILE_WRITE_AT_ALL(91): Invalid offset argument
MPI_FILE_WRITE_AT_ALL(91): Invalid offset argument
failure offset: rank: -1879048192 row: 0Error [68217612] in MPI_File_open: Invalid argument, error stack:
MPI_FILE_WRITE_AT_ALL(91): Invalid offset argument
2016-04-17 16:12:56.596 (WARN ) [0xfff93de9000] 720013:ibm.runjob.client.Job: normal termination with status 1 from rank 470
begin execution
begin execution
begin execution
begin execution
begin execution
begin execution
begin execution
begin execution
begin execution
begin execution
begin execution
begin execution
begin execution
begin execution
begin execution
begin execution
begin execution
begin execution
begin execution
begin execution
begin execution
begin execution
begin execution
begin execution
begin execution
begin execution
begin execution
begin execution
begin execution
begin execution
begin execution
begin execution
begin execution
begin execution
begin execution
begin execution
begin execution
begin execution
begin execution
begin execution
begin execution
begin execution
begin execution
begin execution
begin execution
begin execution
begin execution
begin execution
begin execution
begin execution
begin execution
begin execution
begin execution
begin execution
begin execution
begin execution
begin execution
begin execution
begin execution
begin execution
begin execution
begin execution
begin execution
begin execution
begin execution
begin execution
begin execution
begin execution
begin execution
begin execution
begin execution
begin execution
begin execution
begin execution
begin execution
begin execution
begin execution
begin execution
begin execution
begin execution
begin execution
begin execution
begin execution
begin execution
begin execution
begin execution
begin execution
begin execution
begin execution
begin execution
begin execution
begin execution
begin execution
begin execution
begin execution
begin execution
begin execution
begin execution
begin execution
begin execution
begin execution
begin execution
begin execution
begin execution
begin execution
begin execution
begin execution
begin execution
begin execution
begin execution
begin execution
begin execution
begin execution
begin execution
begin execution
begin execution
begin execution
begin execution
begin execution
begin execution
begin execution
begin execution
begin execution
begin execution
begin execution
begin execution
begin execution
begin execution
begin execution
begin execution
begin execution
begin execution
begin execution
begin execution
begin execution
begin execution
begin execution
begin execution
begin execution
begin execution
begin execution
begin execution
begin execution
begin execution
begin execution
begin execution
begin execution
begin execution
begin execution
begin execution
begin execution
begin execution
begin execution
begin execution
begin execution
begin execution
begin execution
begin execution
begin execution
begin execution
begin execution
begin execution
begin execution
begin execution
begin execution
begin execution
begin execution
begin execution
begin execution
begin execution
begin execution
begin execution
begin execution
begin execution
begin execution
begin execution
begin execution
begin execution
begin execution
begin execution
begin execution
begin execution
begin execution
begin execution
begin execution
begin execution
begin execution
begin execution
begin execution
begin execution
begin execution
begin execution
begin execution
begin execution
begin execution
begin execution
begin execution
begin execution
begin execution
begin execution
begin execution
begin execution
begin execution
begin execution
begin execution
begin execution
begin execution
begin execution
begin execution
begin execution
begin execution
begin execution
begin execution
begin execution
begin execution
begin execution
begin execution
begin execution
begin execution
begin execution
begin execution
begin execution
begin execution
begin execution
begin execution
begin execution
begin execution
begin execution
begin execution
begin execution
begin execution
begin execution
begin execution
begin execution
begin execution
begin execution
begin execution
begin execution
begin execution
begin execution
begin execution
begin execution
begin execution
begin execution
begin execution
begin execution
begin execution
begin execution
begin execution
begin execution
begin execution
begin execution
begin execution
begin execution
begin execution
begin execution
begin execution
begin execution
begin execution
begin execution
begin execution
begin execution
begin execution
begin execution
begin execution
begin execution
begin execution
begin execution
begin execution
begin execution
begin execution
begin execution
begin execution
begin execution
begin execution
begin execution
begin execution
begin execution
begin execution
begin execution
begin execution
begin execution
begin execution
begin execution
begin execution
begin execution
begin execution
begin execution
begin execution
begin execution
begin execution
begin execution
begin execution
begin execution
begin execution
begin execution
begin execution
begin execution
begin execution
begin execution
begin execution
begin execution
begin execution
begin execution
begin execution
begin execution
begin execution
begin execution
begin execution
begin execution
begin execution
begin execution
begin execution
begin execution
begin execution
begin execution
begin execution
begin execution
begin execution
begin execution
begin execution
begin execution
begin execution
begin execution
begin execution
begin execution
begin execution
begin execution
begin execution
begin execution
begin execution
begin execution
begin execution
begin execution
begin execution
begin execution
begin execution
begin execution
begin execution
begin execution
begin execution
begin execution
begin execution
begin execution
begin execution
begin execution
begin execution
begin execution
begin execution
begin execution
begin execution
begin execution
begin execution
begin execution
begin execution
begin execution
begin execution
begin execution
begin execution
begin execution
begin execution
begin execution
begin execution
begin execution
begin execution
begin execution
begin execution
begin execution
begin execution
begin execution
begin execution
begin execution
begin execution
begin execution
begin execution
begin execution
begin execution
begin execution
begin execution
begin execution
begin execution
begin execution
begin execution
begin execution
begin execution
begin execution
begin execution
begin execution
begin execution
begin execution
begin execution
begin execution
begin execution
begin execution
begin execution
begin execution
begin execution
begin execution
begin execution
begin execution
begin execution
begin execution
begin execution
begin execution
begin execution
begin execution
begin execution
begin execution
begin execution
begin execution
begin execution
begin execution
begin execution
begin execution
begin execution
begin execution
begin execution
begin execution
begin execution
begin execution
begin execution
begin execution
begin execution
begin execution
begin execution
begin execution
begin execution
begin execution
begin execution
begin execution
begin execution
begin execution
begin execution
begin execution
begin execution
begin execution
begin execution
begin execution
begin execution
begin execution
begin execution
begin execution
begin execution
begin execution
begin execution
begin execution
begin execution
begin execution
begin execution
begin execution
begin execution
begin execution
begin execution
begin execution
begin execution
begin execution
begin execution
begin execution
begin execution
begin execution
begin execution
begin execution
begin execution
begin execution
begin execution
begin execution
begin execution
begin execution
begin execution
begin execution
begin execution
begin execution
begin execution
begin execution
begin execution
begin execution
begin execution
begin execution
begin execution
begin execution
begin execution
begin execution
begin execution
begin execution
begin execution
begin execution
begin execution
begin execution
begin execution
begin execution
begin execution
begin execution
begin execution
begin execution
begin execution
begin execution
begin execution
begin execution
begin execution
begin execution
begin execution
begin execution
begin execution
begin execution
begin execution
begin execution
begin execution
begin execution
begin execution
begin execution
begin execution
begin execution
Compute time:
	ranks: 512
	threads: 16
	ranks_per_file: 4
	time: 1551.9539889337
I/O time:
	ranks: 512
	threads: 16
	ranks_per_file: 4
	time: 33.4534925594
end execution
end execution
end execution
end execution
end execution
end execution
end execution
end execution
end execution
end execution
end execution
end execution
end execution
end execution
end execution
end execution
end execution
end execution
end execution
end execution
end execution
end execution
end execution
end execution
end execution
end execution
end execution
end execution
end execution
end execution
end execution
end execution
end execution
end execution
end execution
end execution
end execution
end execution
end execution
end execution
end execution
end execution
end execution
end execution
end execution
end execution
end execution
end execution
end execution
end execution
end execution
end execution
end execution
end execution
end execution
end execution
end execution
end execution
end execution
end execution
end execution
end execution
end execution
end execution
end execution
end execution
end execution
end execution
end execution
end execution
end execution
end execution
end execution
end execution
end execution
end execution
end execution
end execution
end execution
end execution
end execution
end execution
end execution
end execution
end execution
end execution
end execution
end execution
end execution
end execution
end execution
end execution
end execution
end execution
end execution
end execution
end execution
end execution
end execution
end execution
end execution
end execution
end execution
end execution
end execution
end execution
end execution
end execution
end execution
end execution
end execution
end execution
end execution
end execution
end execution
end execution
end execution
end execution
end execution
end execution
end execution
end execution
end execution
end execution
end execution
end execution
end execution
end execution
end execution
end execution
end execution
end execution
end execution
end execution
end execution
end execution
end execution
end execution
end execution
end execution
end execution
end execution
end execution
end execution
end execution
end execution
end execution
end execution
end execution
end execution
end execution
end execution
end execution
end execution
end execution
end execution
end execution
end execution
end execution
end execution
end execution
end execution
end execution
end execution
end execution
end execution
end execution
end execution
end execution
end execution
end execution
end execution
end execution
end execution
end execution
end execution
end execution
end execution
end execution
end execution
end execution
end execution
end execution
end execution
end execution
end execution
end execution
end execution
end execution
end execution
end execution
end execution
end execution
end execution
end execution
end execution
end execution
end execution
end execution
end execution
end execution
end execution
end execution
end execution
end execution
end execution
end execution
end execution
end execution
end execution
end execution
end execution
end execution
end execution
end execution
end execution
end execution
end execution
end execution
end execution
end execution
end execution
end execution
end execution
end execution
end execution
end execution
end execution
end execution
end execution
end execution
end execution
end execution
end execution
end execution
end execution
end execution
end execution
end execution
end execution
end execution
end execution
end execution
end execution
end execution
end execution
end execution
end execution
end execution
end execution
end execution
end execution
end execution
end execution
end execution
end execution
end execution
end execution
end execution
end execution
end execution
end execution
end execution
end execution
end execution
end execution
end execution
end execution
end execution
end execution
end execution
end execution
end execution
end execution
end execution
end execution
end execution
end execution
end execution
end execution
end execution
end execution
end execution
end execution
end execution
end execution
end execution
end execution
end execution
end execution
end execution
end execution
end execution
end execution
end execution
end execution
end execution
end execution
end execution
end execution
end execution
end execution
end execution
end execution
end execution
end execution
end execution
end execution
end execution
end execution
end execution
end execution
end execution
end execution
end execution
end execution
end execution
end execution
end execution
end execution
end execution
end execution
end execution
end execution
end execution
end execution
end execution
end execution
end execution
end execution
end execution
end execution
end execution
end execution
end execution
end execution
end execution
end execution
end execution
end execution
end execution
end execution
end execution
end execution
end execution
end execution
end execution
end execution
end execution
end execution
end execution
end execution
end execution
end execution
end execution
end execution
end execution
end execution
end execution
end execution
end execution
end execution
end execution
end execution
end execution
end execution
end execution
end execution
end execution
end execution
end execution
end execution
end execution
end execution
end execution
end execution
end execution
end execution
end execution
end execution
end execution
end execution
end execution
end execution
end execution
end execution
end execution
end execution
end execution
end execution
end execution
end execution
end execution
end execution
end execution
end execution
end execution
end execution
end execution
end execution
end execution
end execution
end execution
end execution
end execution
end execution
end execution
end execution
end execution
end execution
end execution
end execution
end execution
end execution
end execution
end execution
end execution
end execution
end execution
end execution
end execution
end execution
end execution
end execution
end execution
end execution
end execution
end execution
end execution
end execution
end execution
end execution
end execution
end execution
end execution
end execution
end execution
end execution
end execution
end execution
end execution
end execution
end execution
end execution
end execution
end execution
end execution
end execution
end execution
end execution
end execution
end execution
end execution
end execution
end execution
end execution
end execution
end execution
end execution
end execution
end execution
end execution
end execution
end execution
end execution
end execution
end execution
end execution
end execution
end execution
end execution
end execution
end execution
end execution
end execution
end execution
end execution
end execution
end execution
end execution
end execution
end execution
end execution
end execution
end execution
end execution
end execution
end execution
end execution
end execution
end execution
end execution
end execution
end execution
end execution
end execution
end execution
end execution
end execution
end execution
end execution
end execution
end execution
end execution
end execution
end execution
end execution
end execution
end execution
end execution
end execution
end execution
begin execution
begin execution
begin execution
begin execution
begin execution
begin execution
begin execution
begin execution
begin execution
begin execution
begin execution
begin execution
begin execution
begin execution
begin execution
begin execution
begin execution
begin execution
begin execution
begin execution
begin execution
begin execution
begin execution
begin execution
begin execution
begin execution
begin execution
begin execution
begin execution
begin execution
begin execution
begin execution
begin execution
begin execution
begin execution
begin execution
begin execution
begin execution
begin execution
begin execution
begin execution
begin execution
begin execution
begin execution
begin execution
begin execution
begin execution
begin execution
begin execution
begin execution
begin execution
begin execution
begin execution
begin execution
begin execution
begin execution
begin execution
begin execution
begin execution
begin execution
begin execution
begin execution
begin execution
begin execution
begin execution
begin execution
begin execution
begin execution
begin execution
begin execution
begin execution
begin execution
begin execution
begin execution
begin execution
begin execution
begin execution
begin execution
begin execution
begin execution
begin execution
begin execution
begin execution
begin execution
begin execution
begin execution
begin execution
begin execution
begin execution
begin execution
begin execution
begin execution
begin execution
begin execution
begin execution
begin execution
begin execution
begin execution
begin execution
begin execution
begin execution
begin execution
begin execution
begin execution
begin execution
begin execution
begin execution
begin execution
begin execution
begin execution
begin execution
begin execution
begin execution
begin execution
begin execution
begin execution
begin execution
begin execution
begin execution
begin execution
begin execution
begin execution
begin execution
begin execution
begin execution
begin execution
begin execution
begin execution
begin execution
begin execution
begin execution
begin execution
begin execution
begin execution
begin execution
begin execution
begin execution
begin execution
begin execution
begin execution
begin execution
begin execution
begin execution
begin execution
begin execution
begin execution
begin execution
begin execution
begin execution
begin execution
begin execution
begin execution
begin execution
begin execution
begin execution
begin execution
begin execution
begin execution
begin execution
begin execution
begin execution
begin execution
begin execution
begin execution
begin execution
begin execution
begin execution
begin execution
begin execution
begin execution
begin execution
begin execution
begin execution
begin execution
begin execution
begin execution
begin execution
begin execution
begin execution
begin execution
begin execution
begin execution
begin execution
begin execution
begin execution
begin execution
begin execution
begin execution
begin execution
begin execution
begin execution
begin execution
begin execution
begin execution
begin execution
begin execution
begin execution
begin execution
begin execution
begin execution
begin execution
begin execution
begin execution
begin execution
begin execution
begin execution
begin execution
begin execution
begin execution
begin execution
begin execution
begin execution
begin execution
begin execution
begin execution
begin execution
begin execution
begin execution
begin execution
begin execution
begin execution
begin execution
begin execution
begin execution
begin execution
begin execution
begin execution
begin execution
begin execution
begin execution
begin execution
begin execution
begin execution
begin execution
begin execution
begin execution
begin execution
begin execution
begin execution
begin execution
begin execution
begin execution
begin execution
begin execution
begin execution
begin execution
begin execution
begin execution
begin execution
begin execution
begin execution
begin execution
begin execution
begin execution
begin execution
begin execution
begin execution
begin execution
begin execution
begin execution
begin execution
begin execution
begin execution
begin execution
begin execution
begin execution
begin execution
begin execution
begin execution
begin execution
begin execution
begin execution
begin execution
begin execution
begin execution
begin execution
begin execution
begin execution
begin execution
begin execution
begin execution
begin execution
begin execution
begin execution
begin execution
begin execution
begin execution
begin execution
begin execution
begin execution
begin execution
begin execution
begin execution
begin execution
begin execution
begin execution
begin execution
begin execution
begin execution
begin execution
begin execution
begin execution
begin execution
begin execution
begin execution
begin execution
begin execution
begin execution
begin execution
begin execution
begin execution
begin execution
begin execution
begin execution
begin execution
begin execution
begin execution
begin execution
begin execution
begin execution
begin execution
begin execution
begin execution
begin execution
begin execution
begin execution
begin execution
begin execution
begin execution
begin execution
begin execution
begin execution
begin execution
begin execution
begin execution
begin execution
begin execution
begin execution
begin execution
begin execution
begin execution
begin execution
begin execution
begin execution
begin execution
begin execution
begin execution
begin execution
begin execution
begin execution
begin execution
begin execution
begin execution
begin execution
begin execution
begin execution
begin execution
begin execution
begin execution
begin execution
begin execution
begin execution
begin execution
begin execution
begin execution
begin execution
begin execution
begin execution
begin execution
begin execution
begin execution
begin execution
begin execution
begin execution
begin execution
begin execution
begin execution
begin execution
begin execution
begin execution
begin execution
begin execution
begin execution
begin execution
begin execution
begin execution
begin execution
begin execution
begin execution
begin execution
begin execution
begin execution
begin execution
begin execution
begin execution
begin execution
begin execution
begin execution
begin execution
begin execution
begin execution
begin execution
begin execution
begin execution
begin execution
begin execution
begin execution
begin execution
begin execution
begin execution
begin execution
begin execution
begin execution
begin execution
begin execution
begin execution
begin execution
begin execution
begin execution
begin execution
begin execution
begin execution
begin execution
begin execution
begin execution
begin execution
begin execution
begin execution
begin execution
begin execution
begin execution
begin execution
begin execution
begin execution
begin execution
begin execution
begin execution
begin execution
begin execution
begin execution
begin execution
begin execution
begin execution
begin execution
begin execution
begin execution
begin execution
begin execution
begin execution
begin execution
begin execution
begin execution
begin execution
begin execution
begin execution
begin execution
begin execution
begin execution
begin execution
begin execution
begin execution
begin execution
begin execution
begin execution
begin execution
begin execution
begin execution
begin execution
begin execution
begin execution
begin execution
begin execution
begin execution
begin execution
begin execution
begin execution
begin execution
begin execution
begin execution
begin execution
begin execution
begin execution
begin execution
begin execution
begin execution
begin execution
begin execution
begin execution
begin execution
begin execution
begin execution
begin execution
begin execution
begin execution
begin execution
begin execution
begin execution
begin execution
begin execution
begin execution
begin execution
begin execution
begin execution
begin execution
begin execution
begin execution
begin execution
begin execution
begin execution
begin execution
begin execution
begin execution
srun: error: *** STEP 536163.2 CANCELLED AT 2016-04-17T16:47:36 DUE TO TIME LIMIT ***
slurmd[q]: *** JOB 536163 CANCELLED AT 2016-04-17T16:47:36 DUE TO TIME LIMIT ***
srun: got SIGCONT
srun: forcing job termination
