32
begin execution
Compute time:
	ranks: 32
	threads: 64
	ranks_per_file: 32
	time: 947.3191066825
I/O disabled
begin execution
Compute time:
	ranks: 32
	threads: 64
	ranks_per_file: 4
	time: 949.0943320750
I/O disabled
begin execution
Compute time:
	ranks: 32
	threads: 64
	ranks_per_file: 16
	time: 949.1393022625
I/O disabled
begin execution
srun: error: *** STEP 539226.3 CANCELLED AT 2016-04-20T16:07:53 DUE TO TIME LIMIT ***
slurmd[q]: *** JOB 539226 CANCELLED AT 2016-04-20T16:07:53 DUE TO TIME LIMIT ***
srun: got SIGCONT
srun: forcing job termination
